#
# There is insufficient memory for the Java Runtime Environment to continue.
# Native memory allocation (malloc) failed to allocate 689296 bytes for Chunk::new
# Possible reasons:
#   The system is out of physical RAM or swap space
#   The process is running with CompressedOops enabled, and the Java Heap may be blocking the growth of the native heap
# Possible solutions:
#   Reduce memory load on the system
#   Increase physical memory or swap space
#   Check if swap backing store is full
#   Decrease Java heap size (-Xmx/-Xms)
#   Decrease number of Java threads
#   Decrease Java thread stack sizes (-Xss)
#   Set larger code cache with -XX:ReservedCodeCacheSize=
#   JVM is running with Unscaled Compressed Oops mode in which the Java heap is
#     placed in the first 4GB address space. The Java Heap base address is the
#     maximum limit for the native heap growth. Please use -XX:HeapBaseMinAddress
#     to set the Java Heap base and to place the Java Heap above 4GB virtual address.
# This output file may be truncated or incomplete.
#
#  Out of Memory Error (./open/src/hotspot/share/memory/arena.cpp:197), pid=13936, tid=14752
#
# JRE version: Java(TM) SE Runtime Environment 18.9 (11.0.15+8) (build 11.0.15+8-LTS-149)
# Java VM: Java HotSpot(TM) 64-Bit Server VM 18.9 (11.0.15+8-LTS-149, mixed mode, tiered, compressed oops, g1 gc, windows-amd64)
# No core dump will be written. Minidumps are not enabled by default on client versions of Windows
#

---------------  S U M M A R Y ------------

Command Line: -Dorg.jetbrains.run.directory=C:\Users\lkmnb\IdeaProjects\MyPrivateHealthProject\src\test\resources\features -javaagent:C:\Program Files\JetBrains\IntelliJ IDEA Community Edition 2022.1.1\lib\idea_rt.jar=55424:C:\Program Files\JetBrains\IntelliJ IDEA Community Edition 2022.1.1\bin -Dfile.encoding=UTF-8 io.cucumber.core.cli.Main --plugin org.jetbrains.plugins.cucumber.java.run.CucumberJvm5SMFormatter --glue stepDefinitions C:/Users/lkmnb/IdeaProjects/MyPrivateHealthProject/src/test/resources/features/US13_TC01_TestResultsTable.feature

Host: Intel(R) Core(TM) i5-4200U CPU @ 1.60GHz, 4 cores, 7G,  Windows 10 , 64 bit Build 19041 (10.0.19041.2251)
Time: Fri Nov 18 11:59:50 2022 Turkey Standard Time elapsed time: 7.468106 seconds (0d 0h 0m 7s)

---------------  T H R E A D  ---------------

Current thread (0x0000026a4c00c800):  JavaThread "C2 CompilerThread0" daemon [_thread_in_native, id=14752, stack(0x0000007e7db00000,0x0000007e7dc00000)]


Current CompileTask:
C2:   7468 2213       4       java.lang.invoke.MethodType::makeImpl (108 bytes)

Stack: [0x0000007e7db00000,0x0000007e7dc00000]
Native frames: (J=compiled Java code, j=interpreted, Vv=VM code, C=native code)
V  [jvm.dll+0x629d8a]
V  [jvm.dll+0x7638ff]
V  [jvm.dll+0x764fa9]
V  [jvm.dll+0x765633]
V  [jvm.dll+0x23d9c8]
V  [jvm.dll+0xb2a1c]
V  [jvm.dll+0xb2fdc]
V  [jvm.dll+0x2ae744]
V  [jvm.dll+0x53d4c6]
V  [jvm.dll+0x1f9f75]
V  [jvm.dll+0x1f762d]
V  [jvm.dll+0x177c51]
V  [jvm.dll+0x207026]
V  [jvm.dll+0x2051bb]
V  [jvm.dll+0x729820]
V  [jvm.dll+0x7223f4]
V  [jvm.dll+0x628c26]
C  [ucrtbase.dll+0x21bb2]
C  [KERNEL32.DLL+0x174b4]
C  [ntdll.dll+0x526a1]


---------------  P R O C E S S  ---------------

Threads class SMR info:
_java_thread_list=0x0000026a4e1e8310, length=23, elements={
0x0000026a2c9d6800, 0x0000026a4bfeb800, 0x0000026a4bff7800, 0x0000026a4c982800,
0x0000026a4c004000, 0x0000026a4c005800, 0x0000026a4c00c800, 0x0000026a4c012800,
0x0000026a4c01e000, 0x0000026a2caa9000, 0x0000026a4cee2000, 0x0000026a4dc33800,
0x0000026a4dd5e000, 0x0000026a4e261800, 0x0000026a4d267800, 0x0000026a4e0e5800,
0x0000026a4df27000, 0x0000026a4dbd3800, 0x0000026a4e2f5800, 0x0000026a4dea5800,
0x0000026a4dea6000, 0x0000026a4dea7000, 0x0000026a4deac000
}

Java Threads: ( => current thread )
  0x0000026a2c9d6800 JavaThread "main" [_thread_in_vm, id=9380, stack(0x0000007e7cf00000,0x0000007e7d000000)]
  0x0000026a4bfeb800 JavaThread "Reference Handler" daemon [_thread_blocked, id=18112, stack(0x0000007e7d600000,0x0000007e7d700000)]
  0x0000026a4bff7800 JavaThread "Finalizer" daemon [_thread_blocked, id=12252, stack(0x0000007e7d700000,0x0000007e7d800000)]
  0x0000026a4c982800 JavaThread "Signal Dispatcher" daemon [_thread_blocked, id=15160, stack(0x0000007e7d800000,0x0000007e7d900000)]
  0x0000026a4c004000 JavaThread "Attach Listener" daemon [_thread_blocked, id=11084, stack(0x0000007e7d900000,0x0000007e7da00000)]
  0x0000026a4c005800 JavaThread "Service Thread" daemon [_thread_blocked, id=6596, stack(0x0000007e7da00000,0x0000007e7db00000)]
=>0x0000026a4c00c800 JavaThread "C2 CompilerThread0" daemon [_thread_in_native, id=14752, stack(0x0000007e7db00000,0x0000007e7dc00000)]
  0x0000026a4c012800 JavaThread "C1 CompilerThread0" daemon [_thread_blocked, id=11164, stack(0x0000007e7dc00000,0x0000007e7dd00000)]
  0x0000026a4c01e000 JavaThread "Sweeper thread" daemon [_thread_blocked, id=812, stack(0x0000007e7dd00000,0x0000007e7de00000)]
  0x0000026a2caa9000 JavaThread "Common-Cleaner" daemon [_thread_blocked, id=13024, stack(0x0000007e7de00000,0x0000007e7df00000)]
  0x0000026a4cee2000 JavaThread "Monitor Ctrl-Break" daemon [_thread_in_native, id=13356, stack(0x0000007e7df00000,0x0000007e7e000000)]
  0x0000026a4dc33800 JavaThread "ForkJoinPool.commonPool-worker-3" daemon [_thread_blocked, id=14504, stack(0x0000007e7e400000,0x0000007e7e500000)]
  0x0000026a4dd5e000 JavaThread "AsyncHttpClient-1-1" daemon [_thread_blocked, id=4932, stack(0x0000007e7e500000,0x0000007e7e600000)]
  0x0000026a4e261800 JavaThread "Exec Default Executor" daemon [_thread_in_native, id=3848, stack(0x0000007e7e100000,0x0000007e7e200000)]
  0x0000026a4d267800 JavaThread "Driver Service Executor" daemon [_thread_blocked, id=6072, stack(0x0000007e7e600000,0x0000007e7e700000)]
  0x0000026a4e0e5800 JavaThread "Driver Service Executor" daemon [_thread_blocked, id=6428, stack(0x0000007e7e700000,0x0000007e7e800000)]
  0x0000026a4df27000 JavaThread "UrlChecker-2" daemon [_thread_blocked, id=13488, stack(0x0000007e7e800000,0x0000007e7e900000)]
  0x0000026a4dbd3800 JavaThread "Exec Stream Pumper" daemon [_thread_in_native, id=16476, stack(0x0000007e7ea00000,0x0000007e7eb00000)]
  0x0000026a4e2f5800 JavaThread "Exec Stream Pumper" daemon [_thread_in_native, id=10188, stack(0x0000007e7eb00000,0x0000007e7ec00000)]
  0x0000026a4dea5800 JavaThread "Keep-Alive-Timer" daemon [_thread_blocked, id=13892, stack(0x0000007e7ec00000,0x0000007e7ed00000)]
  0x0000026a4dea6000 JavaThread "AsyncHttpClient-1-2" daemon [_thread_in_native, id=9392, stack(0x0000007e7ed00000,0x0000007e7ee00000)]
  0x0000026a4dea7000 JavaThread "AsyncHttpClient-1-3" daemon [_thread_in_native, id=17640, stack(0x0000007e7ee00000,0x0000007e7ef00000)]
  0x0000026a4deac000 JavaThread "AsyncHttpClient-1-4" daemon [_thread_in_native, id=852, stack(0x0000007e7ef00000,0x0000007e7f000000)]

Other Threads:
  0x0000026a4bfc8000 VMThread "VM Thread" [stack: 0x0000007e7d500000,0x0000007e7d600000] [id=14632]
  0x0000026a4d0a0800 WatcherThread [stack: 0x0000007e7e000000,0x0000007e7e100000] [id=19204]
  0x0000026a2c9ed800 GCTaskThread "GC Thread#0" [stack: 0x0000007e7d000000,0x0000007e7d100000] [id=18412]
  0x0000026a4d2a5000 GCTaskThread "GC Thread#1" [stack: 0x0000007e7e200000,0x0000007e7e300000] [id=11672]
  0x0000026a4d229000 GCTaskThread "GC Thread#2" [stack: 0x0000007e7e300000,0x0000007e7e400000] [id=8108]
  0x0000026a2ca1d000 ConcurrentGCThread "G1 Main Marker" [stack: 0x0000007e7d100000,0x0000007e7d200000] [id=17584]
  0x0000026a2ca1f000 ConcurrentGCThread "G1 Conc#0" [stack: 0x0000007e7d200000,0x0000007e7d300000] [id=18720]
  0x0000026a4be40800 ConcurrentGCThread "G1 Refine#0" [stack: 0x0000007e7d300000,0x0000007e7d400000] [id=11176]
  0x0000026a2ca9f000 ConcurrentGCThread "G1 Young RemSet Sampling" [stack: 0x0000007e7d400000,0x0000007e7d500000] [id=9864]

Threads with active compile tasks:
C2 CompilerThread0   7525 2213       4       java.lang.invoke.MethodType::makeImpl (108 bytes)
C1 CompilerThread0   7525 2349   !   3       sun.nio.cs.StreamEncoder::write (78 bytes)

VM state:not at safepoint (normal execution)

VM Mutex/Monitor currently owned by a thread: None

Heap address: 0x0000000081c00000, size: 2020 MB, Compressed Oops mode: 32-bit
Narrow klass base: 0x0000000000000000, Narrow klass shift: 3
Compressed class space size: 1073741824 Address: 0x0000000100000000

Heap:
 garbage-first heap   total 131072K, used 85400K [0x0000000081c00000, 0x0000000100000000)
  region size 1024K, 63 young (64512K), 5 survivors (5120K)
 Metaspace       used 31784K, capacity 32635K, committed 32768K, reserved 1077248K
  class space    used 3648K, capacity 4021K, committed 4096K, reserved 1048576K
Heap Regions: E=young(eden), S=young(survivor), O=old, HS=humongous(starts), HC=humongous(continues), CS=collection set, F=free, A=archive, TAMS=top-at-mark-start (previous, next)
|   0|0x0000000081c00000, 0x0000000081d00000, 0x0000000081d00000|100%| O|  |TAMS 0x0000000081d00000, 0x0000000081c00000| Untracked 
|   1|0x0000000081d00000, 0x0000000081e00000, 0x0000000081e00000|100%| O|  |TAMS 0x0000000081e00000, 0x0000000081d00000| Untracked 
|   2|0x0000000081e00000, 0x0000000081f00000, 0x0000000081f00000|100%| O|  |TAMS 0x0000000081f00000, 0x0000000081e00000| Untracked 
|   3|0x0000000081f00000, 0x0000000082000000, 0x0000000082000000|100%| O|  |TAMS 0x0000000082000000, 0x0000000081f00000| Untracked 
|   4|0x0000000082000000, 0x00000000820cf600, 0x0000000082100000| 81%| O|  |TAMS 0x00000000820cf600, 0x0000000082000000| Untracked 
|   5|0x0000000082100000, 0x0000000082200000, 0x0000000082200000|100%|HS|  |TAMS 0x0000000082100000, 0x0000000082100000| Complete 
|   6|0x0000000082200000, 0x0000000082300000, 0x0000000082300000|100%|HC|  |TAMS 0x0000000082200000, 0x0000000082200000| Complete 
|   7|0x0000000082300000, 0x0000000082400000, 0x0000000082400000|100%|HC|  |TAMS 0x0000000082300000, 0x0000000082300000| Complete 
|   8|0x0000000082400000, 0x0000000082500000, 0x0000000082500000|100%|HC|  |TAMS 0x0000000082400000, 0x0000000082400000| Complete 
|   9|0x0000000082500000, 0x0000000082600000, 0x0000000082600000|100%|HC|  |TAMS 0x0000000082500000, 0x0000000082500000| Complete 
|  10|0x0000000082600000, 0x0000000082700000, 0x0000000082700000|100%|HC|  |TAMS 0x0000000082600000, 0x0000000082600000| Complete 
|  11|0x0000000082700000, 0x0000000082800000, 0x0000000082800000|100%|HC|  |TAMS 0x0000000082700000, 0x0000000082700000| Complete 
|  12|0x0000000082800000, 0x0000000082900000, 0x0000000082900000|100%|HC|  |TAMS 0x0000000082800000, 0x0000000082800000| Complete 
|  13|0x0000000082900000, 0x0000000082a00000, 0x0000000082a00000|100%|HC|  |TAMS 0x0000000082900000, 0x0000000082900000| Complete 
|  14|0x0000000082a00000, 0x0000000082b00000, 0x0000000082b00000|100%|HC|  |TAMS 0x0000000082a00000, 0x0000000082a00000| Complete 
|  15|0x0000000082b00000, 0x0000000082c00000, 0x0000000082c00000|100%|HC|  |TAMS 0x0000000082b00000, 0x0000000082b00000| Complete 
|  16|0x0000000082c00000, 0x0000000082d00000, 0x0000000082d00000|100%|HC|  |TAMS 0x0000000082c00000, 0x0000000082c00000| Complete 
|  17|0x0000000082d00000, 0x0000000082e00000, 0x0000000082e00000|100%|HC|  |TAMS 0x0000000082d00000, 0x0000000082d00000| Complete 
|  18|0x0000000082e00000, 0x0000000082f00000, 0x0000000082f00000|100%|HC|  |TAMS 0x0000000082e00000, 0x0000000082e00000| Complete 
|  19|0x0000000082f00000, 0x0000000083000000, 0x0000000083000000|100%|HC|  |TAMS 0x0000000082f00000, 0x0000000082f00000| Complete 
|  20|0x0000000083000000, 0x0000000083100000, 0x0000000083100000|100%|HC|  |TAMS 0x0000000083000000, 0x0000000083000000| Complete 
|  21|0x0000000083100000, 0x0000000083200000, 0x0000000083200000|100%|HC|  |TAMS 0x0000000083100000, 0x0000000083100000| Complete 
|  22|0x0000000083200000, 0x0000000083200000, 0x0000000083300000|  0%| F|  |TAMS 0x0000000083200000, 0x0000000083200000| Untracked 
|  23|0x0000000083300000, 0x0000000083300000, 0x0000000083400000|  0%| F|  |TAMS 0x0000000083300000, 0x0000000083300000| Untracked 
|  24|0x0000000083400000, 0x0000000083400000, 0x0000000083500000|  0%| F|  |TAMS 0x0000000083400000, 0x0000000083400000| Untracked 
|  25|0x0000000083500000, 0x0000000083500000, 0x0000000083600000|  0%| F|  |TAMS 0x0000000083500000, 0x0000000083500000| Untracked 
|  26|0x0000000083600000, 0x0000000083600000, 0x0000000083700000|  0%| F|  |TAMS 0x0000000083600000, 0x0000000083600000| Untracked 
|  27|0x0000000083700000, 0x0000000083700000, 0x0000000083800000|  0%| F|  |TAMS 0x0000000083700000, 0x0000000083700000| Untracked 
|  28|0x0000000083800000, 0x0000000083800000, 0x0000000083900000|  0%| F|  |TAMS 0x0000000083800000, 0x0000000083800000| Untracked 
|  29|0x0000000083900000, 0x0000000083900000, 0x0000000083a00000|  0%| F|  |TAMS 0x0000000083900000, 0x0000000083900000| Untracked 
|  30|0x0000000083a00000, 0x0000000083a00000, 0x0000000083b00000|  0%| F|  |TAMS 0x0000000083a00000, 0x0000000083a00000| Untracked 
|  31|0x0000000083b00000, 0x0000000083b00000, 0x0000000083c00000|  0%| F|  |TAMS 0x0000000083b00000, 0x0000000083b00000| Untracked 
|  32|0x0000000083c00000, 0x0000000083c00000, 0x0000000083d00000|  0%| F|  |TAMS 0x0000000083c00000, 0x0000000083c00000| Untracked 
|  33|0x0000000083d00000, 0x0000000083d00000, 0x0000000083e00000|  0%| F|  |TAMS 0x0000000083d00000, 0x0000000083d00000| Untracked 
|  34|0x0000000083e00000, 0x0000000083e00000, 0x0000000083f00000|  0%| F|  |TAMS 0x0000000083e00000, 0x0000000083e00000| Untracked 
|  35|0x0000000083f00000, 0x0000000083f00000, 0x0000000084000000|  0%| F|  |TAMS 0x0000000083f00000, 0x0000000083f00000| Untracked 
|  36|0x0000000084000000, 0x0000000084000000, 0x0000000084100000|  0%| F|  |TAMS 0x0000000084000000, 0x0000000084000000| Untracked 
|  37|0x0000000084100000, 0x0000000084100000, 0x0000000084200000|  0%| F|  |TAMS 0x0000000084100000, 0x0000000084100000| Untracked 
|  38|0x0000000084200000, 0x0000000084200000, 0x0000000084300000|  0%| F|  |TAMS 0x0000000084200000, 0x0000000084200000| Untracked 
|  39|0x0000000084300000, 0x0000000084300000, 0x0000000084400000|  0%| F|  |TAMS 0x0000000084300000, 0x0000000084300000| Untracked 
|  40|0x0000000084400000, 0x0000000084400000, 0x0000000084500000|  0%| F|  |TAMS 0x0000000084400000, 0x0000000084400000| Untracked 
|  41|0x0000000084500000, 0x0000000084500000, 0x0000000084600000|  0%| F|  |TAMS 0x0000000084500000, 0x0000000084500000| Untracked 
|  42|0x0000000084600000, 0x0000000084600000, 0x0000000084700000|  0%| F|  |TAMS 0x0000000084600000, 0x0000000084600000| Untracked 
|  43|0x0000000084700000, 0x0000000084700000, 0x0000000084800000|  0%| F|  |TAMS 0x0000000084700000, 0x0000000084700000| Untracked 
|  44|0x0000000084800000, 0x0000000084800000, 0x0000000084900000|  0%| F|  |TAMS 0x0000000084800000, 0x0000000084800000| Untracked 
|  45|0x0000000084900000, 0x0000000084900000, 0x0000000084a00000|  0%| F|  |TAMS 0x0000000084900000, 0x0000000084900000| Untracked 
|  46|0x0000000084a00000, 0x0000000084a00000, 0x0000000084b00000|  0%| F|  |TAMS 0x0000000084a00000, 0x0000000084a00000| Untracked 
|  47|0x0000000084b00000, 0x0000000084b00000, 0x0000000084c00000|  0%| F|  |TAMS 0x0000000084b00000, 0x0000000084b00000| Untracked 
|  48|0x0000000084c00000, 0x0000000084c00000, 0x0000000084d00000|  0%| F|  |TAMS 0x0000000084c00000, 0x0000000084c00000| Untracked 
|  49|0x0000000084d00000, 0x0000000084d00000, 0x0000000084e00000|  0%| F|  |TAMS 0x0000000084d00000, 0x0000000084d00000| Untracked 
|  50|0x0000000084e00000, 0x0000000084e00000, 0x0000000084f00000|  0%| F|  |TAMS 0x0000000084e00000, 0x0000000084e00000| Untracked 
|  51|0x0000000084f00000, 0x0000000084f00000, 0x0000000085000000|  0%| F|  |TAMS 0x0000000084f00000, 0x0000000084f00000| Untracked 
|  52|0x0000000085000000, 0x0000000085000000, 0x0000000085100000|  0%| F|  |TAMS 0x0000000085000000, 0x0000000085000000| Untracked 
|  53|0x0000000085100000, 0x0000000085100000, 0x0000000085200000|  0%| F|  |TAMS 0x0000000085100000, 0x0000000085100000| Untracked 
|  54|0x0000000085200000, 0x0000000085200000, 0x0000000085300000|  0%| F|  |TAMS 0x0000000085200000, 0x0000000085200000| Untracked 
|  55|0x0000000085300000, 0x0000000085300000, 0x0000000085400000|  0%| F|  |TAMS 0x0000000085300000, 0x0000000085300000| Untracked 
|  56|0x0000000085400000, 0x0000000085400000, 0x0000000085500000|  0%| F|  |TAMS 0x0000000085400000, 0x0000000085400000| Untracked 
|  57|0x0000000085500000, 0x0000000085500000, 0x0000000085600000|  0%| F|  |TAMS 0x0000000085500000, 0x0000000085500000| Untracked 
|  58|0x0000000085600000, 0x0000000085600000, 0x0000000085700000|  0%| F|  |TAMS 0x0000000085600000, 0x0000000085600000| Untracked 
|  59|0x0000000085700000, 0x0000000085700000, 0x0000000085800000|  0%| F|  |TAMS 0x0000000085700000, 0x0000000085700000| Untracked 
|  60|0x0000000085800000, 0x0000000085800000, 0x0000000085900000|  0%| F|  |TAMS 0x0000000085800000, 0x0000000085800000| Untracked 
|  61|0x0000000085900000, 0x0000000085900000, 0x0000000085a00000|  0%| F|  |TAMS 0x0000000085900000, 0x0000000085900000| Untracked 
|  62|0x0000000085a00000, 0x0000000085a00000, 0x0000000085b00000|  0%| F|  |TAMS 0x0000000085a00000, 0x0000000085a00000| Untracked 
|  63|0x0000000085b00000, 0x0000000085b00000, 0x0000000085c00000|  0%| F|  |TAMS 0x0000000085b00000, 0x0000000085b00000| Untracked 
|  64|0x0000000085c00000, 0x0000000085c00000, 0x0000000085d00000|  0%| F|  |TAMS 0x0000000085c00000, 0x0000000085c00000| Untracked 
|  65|0x0000000085d00000, 0x0000000085e00000, 0x0000000085e00000|100%| E|  |TAMS 0x0000000085d00000, 0x0000000085d00000| Complete 
|  66|0x0000000085e00000, 0x0000000085f00000, 0x0000000085f00000|100%| E|CS|TAMS 0x0000000085e00000, 0x0000000085e00000| Complete 
|  67|0x0000000085f00000, 0x0000000086000000, 0x0000000086000000|100%| E|CS|TAMS 0x0000000085f00000, 0x0000000085f00000| Complete 
|  68|0x0000000086000000, 0x0000000086100000, 0x0000000086100000|100%| E|CS|TAMS 0x0000000086000000, 0x0000000086000000| Complete 
|  69|0x0000000086100000, 0x0000000086200000, 0x0000000086200000|100%| E|CS|TAMS 0x0000000086100000, 0x0000000086100000| Complete 
|  70|0x0000000086200000, 0x0000000086300000, 0x0000000086300000|100%| E|CS|TAMS 0x0000000086200000, 0x0000000086200000| Complete 
|  71|0x0000000086300000, 0x0000000086400000, 0x0000000086400000|100%| E|CS|TAMS 0x0000000086300000, 0x0000000086300000| Complete 
|  72|0x0000000086400000, 0x0000000086500000, 0x0000000086500000|100%| E|CS|TAMS 0x0000000086400000, 0x0000000086400000| Complete 
|  73|0x0000000086500000, 0x0000000086600000, 0x0000000086600000|100%| E|CS|TAMS 0x0000000086500000, 0x0000000086500000| Complete 
|  74|0x0000000086600000, 0x0000000086700000, 0x0000000086700000|100%| E|CS|TAMS 0x0000000086600000, 0x0000000086600000| Complete 
|  75|0x0000000086700000, 0x0000000086800000, 0x0000000086800000|100%| E|CS|TAMS 0x0000000086700000, 0x0000000086700000| Complete 
|  76|0x0000000086800000, 0x0000000086900000, 0x0000000086900000|100%| E|CS|TAMS 0x0000000086800000, 0x0000000086800000| Complete 
|  77|0x0000000086900000, 0x0000000086a00000, 0x0000000086a00000|100%| E|CS|TAMS 0x0000000086900000, 0x0000000086900000| Complete 
|  78|0x0000000086a00000, 0x0000000086b00000, 0x0000000086b00000|100%| E|CS|TAMS 0x0000000086a00000, 0x0000000086a00000| Complete 
|  79|0x0000000086b00000, 0x0000000086c00000, 0x0000000086c00000|100%| E|CS|TAMS 0x0000000086b00000, 0x0000000086b00000| Complete 
|  80|0x0000000086c00000, 0x0000000086d00000, 0x0000000086d00000|100%| E|CS|TAMS 0x0000000086c00000, 0x0000000086c00000| Complete 
|  81|0x0000000086d00000, 0x0000000086e00000, 0x0000000086e00000|100%| E|CS|TAMS 0x0000000086d00000, 0x0000000086d00000| Complete 
|  82|0x0000000086e00000, 0x0000000086f00000, 0x0000000086f00000|100%| E|CS|TAMS 0x0000000086e00000, 0x0000000086e00000| Complete 
|  83|0x0000000086f00000, 0x0000000087000000, 0x0000000087000000|100%| E|CS|TAMS 0x0000000086f00000, 0x0000000086f00000| Complete 
|  84|0x0000000087000000, 0x0000000087100000, 0x0000000087100000|100%| E|CS|TAMS 0x0000000087000000, 0x0000000087000000| Complete 
|  85|0x0000000087100000, 0x0000000087200000, 0x0000000087200000|100%| E|CS|TAMS 0x0000000087100000, 0x0000000087100000| Complete 
|  86|0x0000000087200000, 0x0000000087300000, 0x0000000087300000|100%| E|CS|TAMS 0x0000000087200000, 0x0000000087200000| Complete 
|  87|0x0000000087300000, 0x0000000087400000, 0x0000000087400000|100%| E|CS|TAMS 0x0000000087300000, 0x0000000087300000| Complete 
|  88|0x0000000087400000, 0x0000000087500000, 0x0000000087500000|100%| E|CS|TAMS 0x0000000087400000, 0x0000000087400000| Complete 
|  89|0x0000000087500000, 0x0000000087596af0, 0x0000000087600000| 58%| S|CS|TAMS 0x0000000087500000, 0x0000000087500000| Complete 
|  90|0x0000000087600000, 0x0000000087700000, 0x0000000087700000|100%| S|CS|TAMS 0x0000000087600000, 0x0000000087600000| Complete 
|  91|0x0000000087700000, 0x0000000087800000, 0x0000000087800000|100%| S|CS|TAMS 0x0000000087700000, 0x0000000087700000| Complete 
|  92|0x0000000087800000, 0x0000000087900000, 0x0000000087900000|100%| S|CS|TAMS 0x0000000087800000, 0x0000000087800000| Complete 
|  93|0x0000000087900000, 0x0000000087a00000, 0x0000000087a00000|100%| S|CS|TAMS 0x0000000087900000, 0x0000000087900000| Complete 
|  94|0x0000000087a00000, 0x0000000087b00000, 0x0000000087b00000|100%| E|CS|TAMS 0x0000000087a00000, 0x0000000087a00000| Complete 
|  95|0x0000000087b00000, 0x0000000087c00000, 0x0000000087c00000|100%| E|CS|TAMS 0x0000000087b00000, 0x0000000087b00000| Complete 
|  96|0x0000000087c00000, 0x0000000087d00000, 0x0000000087d00000|100%| E|CS|TAMS 0x0000000087c00000, 0x0000000087c00000| Complete 
|  97|0x0000000087d00000, 0x0000000087e00000, 0x0000000087e00000|100%| E|CS|TAMS 0x0000000087d00000, 0x0000000087d00000| Complete 
|  98|0x0000000087e00000, 0x0000000087f00000, 0x0000000087f00000|100%| E|CS|TAMS 0x0000000087e00000, 0x0000000087e00000| Complete 
|  99|0x0000000087f00000, 0x0000000088000000, 0x0000000088000000|100%| E|CS|TAMS 0x0000000087f00000, 0x0000000087f00000| Complete 
| 100|0x0000000088000000, 0x0000000088100000, 0x0000000088100000|100%| E|CS|TAMS 0x0000000088000000, 0x0000000088000000| Complete 
| 101|0x0000000088100000, 0x0000000088200000, 0x0000000088200000|100%| E|CS|TAMS 0x0000000088100000, 0x0000000088100000| Complete 
| 102|0x0000000088200000, 0x0000000088300000, 0x0000000088300000|100%| E|CS|TAMS 0x0000000088200000, 0x0000000088200000| Complete 
| 103|0x0000000088300000, 0x0000000088400000, 0x0000000088400000|100%| E|CS|TAMS 0x0000000088300000, 0x0000000088300000| Complete 
| 104|0x0000000088400000, 0x0000000088500000, 0x0000000088500000|100%| E|CS|TAMS 0x0000000088400000, 0x0000000088400000| Complete 
| 105|0x0000000088500000, 0x0000000088600000, 0x0000000088600000|100%| E|CS|TAMS 0x0000000088500000, 0x0000000088500000| Complete 
| 106|0x0000000088600000, 0x0000000088700000, 0x0000000088700000|100%| E|CS|TAMS 0x0000000088600000, 0x0000000088600000| Complete 
| 107|0x0000000088700000, 0x0000000088800000, 0x0000000088800000|100%| E|CS|TAMS 0x0000000088700000, 0x0000000088700000| Complete 
| 108|0x0000000088800000, 0x0000000088900000, 0x0000000088900000|100%| E|CS|TAMS 0x0000000088800000, 0x0000000088800000| Complete 
| 109|0x0000000088900000, 0x0000000088a00000, 0x0000000088a00000|100%| E|CS|TAMS 0x0000000088900000, 0x0000000088900000| Complete 
| 110|0x0000000088a00000, 0x0000000088b00000, 0x0000000088b00000|100%| E|CS|TAMS 0x0000000088a00000, 0x0000000088a00000| Complete 
| 111|0x0000000088b00000, 0x0000000088c00000, 0x0000000088c00000|100%| E|CS|TAMS 0x0000000088b00000, 0x0000000088b00000| Complete 
| 112|0x0000000088c00000, 0x0000000088d00000, 0x0000000088d00000|100%| E|CS|TAMS 0x0000000088c00000, 0x0000000088c00000| Complete 
| 113|0x0000000088d00000, 0x0000000088e00000, 0x0000000088e00000|100%| E|CS|TAMS 0x0000000088d00000, 0x0000000088d00000| Complete 
| 114|0x0000000088e00000, 0x0000000088f00000, 0x0000000088f00000|100%| E|CS|TAMS 0x0000000088e00000, 0x0000000088e00000| Complete 
| 115|0x0000000088f00000, 0x0000000089000000, 0x0000000089000000|100%| E|CS|TAMS 0x0000000088f00000, 0x0000000088f00000| Complete 
| 116|0x0000000089000000, 0x0000000089100000, 0x0000000089100000|100%| E|CS|TAMS 0x0000000089000000, 0x0000000089000000| Complete 
| 117|0x0000000089100000, 0x0000000089200000, 0x0000000089200000|100%| E|CS|TAMS 0x0000000089100000, 0x0000000089100000| Complete 
| 118|0x0000000089200000, 0x0000000089300000, 0x0000000089300000|100%| E|CS|TAMS 0x0000000089200000, 0x0000000089200000| Complete 
| 119|0x0000000089300000, 0x0000000089400000, 0x0000000089400000|100%| E|CS|TAMS 0x0000000089300000, 0x0000000089300000| Complete 
| 120|0x0000000089400000, 0x0000000089500000, 0x0000000089500000|100%| E|CS|TAMS 0x0000000089400000, 0x0000000089400000| Complete 
| 121|0x0000000089500000, 0x0000000089600000, 0x0000000089600000|100%| E|CS|TAMS 0x0000000089500000, 0x0000000089500000| Complete 
| 122|0x0000000089600000, 0x0000000089700000, 0x0000000089700000|100%| E|CS|TAMS 0x0000000089600000, 0x0000000089600000| Complete 
| 123|0x0000000089700000, 0x0000000089800000, 0x0000000089800000|100%| E|CS|TAMS 0x0000000089700000, 0x0000000089700000| Complete 
| 124|0x0000000089800000, 0x0000000089900000, 0x0000000089900000|100%| E|CS|TAMS 0x0000000089800000, 0x0000000089800000| Complete 
| 125|0x0000000089900000, 0x0000000089a00000, 0x0000000089a00000|100%| E|CS|TAMS 0x0000000089900000, 0x0000000089900000| Complete 
| 126|0x0000000089a00000, 0x0000000089b00000, 0x0000000089b00000|100%| E|CS|TAMS 0x0000000089a00000, 0x0000000089a00000| Complete 
| 127|0x0000000089b00000, 0x0000000089c00000, 0x0000000089c00000|100%| E|CS|TAMS 0x0000000089b00000, 0x0000000089b00000| Complete 

Card table byte_map: [0x0000026a45280000,0x0000026a45680000] _byte_map_base: 0x0000026a44e72000

Marking Bits (Prev, Next): (CMBitMap*) 0x0000026a2ca142b0, (CMBitMap*) 0x0000026a2ca14278
 Prev Bits: [0x0000026a47a10000, 0x0000026a499a0000)
 Next Bits: [0x0000026a45a80000, 0x0000026a47a10000)

Polling page: 0x0000026a2cab0000

Metaspace:

Usage:
  Non-class:     27.94 MB capacity,    27.51 MB ( 98%) used,   349.85 KB (  1%) free+waste,    95.81 KB ( <1%) overhead. 
      Class:      3.93 MB capacity,     3.57 MB ( 91%) used,   322.05 KB (  8%) free+waste,    48.38 KB (  1%) overhead. 
       Both:     31.87 MB capacity,    31.07 MB ( 97%) used,   671.90 KB (  2%) free+waste,   144.19 KB ( <1%) overhead. 

Virtual space:
  Non-class space:       30.00 MB reserved,      28.25 MB ( 94%) committed 
      Class space:        1.00 GB reserved,       4.00 MB ( <1%) committed 
             Both:        1.03 GB reserved,      32.25 MB (  3%) committed 

Chunk freelists:
   Non-Class:  7.25 KB
       Class:  1.38 KB
        Both:  8.63 KB

CodeHeap 'non-profiled nmethods': size=120064Kb used=954Kb max_used=954Kb free=119109Kb
 bounds [0x0000026a3d310000, 0x0000026a3d580000, 0x0000026a44850000]
CodeHeap 'profiled nmethods': size=120000Kb used=4935Kb max_used=4935Kb free=115064Kb
 bounds [0x0000026a35de0000, 0x0000026a362c0000, 0x0000026a3d310000]
CodeHeap 'non-nmethods': size=5696Kb used=1179Kb max_used=1199Kb free=4516Kb
 bounds [0x0000026a35850000, 0x0000026a35ac0000, 0x0000026a35de0000]
 total_blobs=2874 nmethods=2347 adapters=438
 compilation: enabled
              stopped_count=0, restarted_count=0
 full_count=0

Compilation events (10 events):
Event: 7.458 Thread 0x0000026a4c012800 2294       3       java.lang.Class::getMethod0 (31 bytes)
Event: 7.458 Thread 0x0000026a4c012800 nmethod 2294 0x0000026a36293890 code [0x0000026a36293a40, 0x0000026a36293c58]
Event: 7.458 Thread 0x0000026a4c012800 2296       3       io.netty.channel.AbstractChannelHandlerContext::channel (8 bytes)
Event: 7.458 Thread 0x0000026a4c012800 nmethod 2296 0x0000026a36293d10 code [0x0000026a36293ea0, 0x0000026a36293fb8]
Event: 7.458 Thread 0x0000026a4c012800 2297       1       java.util.concurrent.locks.AbstractQueuedSynchronizer::setState (6 bytes)
Event: 7.458 Thread 0x0000026a4c012800 nmethod 2297 0x0000026a3d3fdc90 code [0x0000026a3d3fde20, 0x0000026a3d3fded8]
Event: 7.458 Thread 0x0000026a4c012800 2298       3       java.util.AbstractQueue::<init> (5 bytes)
Event: 7.458 Thread 0x0000026a4c012800 nmethod 2298 0x0000026a36294090 code [0x0000026a36294240, 0x0000026a362943f8]
Event: 7.458 Thread 0x0000026a4c012800 2299       3       io.netty.util.internal.shaded.org.jctools.util.Pow2::roundToPowerOfTwo (88 bytes)
Event: 7.461 Thread 0x0000026a4c012800 nmethod 2299 0x0000026a36294510 code [0x0000026a36294860, 0x0000026a362959a8]

GC Heap History (8 events):
Event: 1.284 GC heap before
{Heap before GC invocations=0 (full 0):
 garbage-first heap   total 131072K, used 14336K [0x0000000081c00000, 0x0000000100000000)
  region size 1024K, 14 young (14336K), 0 survivors (0K)
 Metaspace       used 9803K, capacity 10003K, committed 10240K, reserved 1058816K
  class space    used 923K, capacity 1022K, committed 1024K, reserved 1048576K
}
Event: 1.292 GC heap after
{Heap after GC invocations=1 (full 0):
 garbage-first heap   total 131072K, used 5209K [0x0000000081c00000, 0x0000000100000000)
  region size 1024K, 2 young (2048K), 2 survivors (2048K)
 Metaspace       used 9803K, capacity 10003K, committed 10240K, reserved 1058816K
  class space    used 923K, capacity 1022K, committed 1024K, reserved 1048576K
}
Event: 1.466 GC heap before
{Heap before GC invocations=1 (full 0):
 garbage-first heap   total 131072K, used 13401K [0x0000000081c00000, 0x0000000100000000)
  region size 1024K, 10 young (10240K), 2 survivors (2048K)
 Metaspace       used 10978K, capacity 11174K, committed 11392K, reserved 1058816K
  class space    used 1045K, capacity 1116K, committed 1152K, reserved 1048576K
}
Event: 1.469 GC heap after
{Heap after GC invocations=2 (full 0):
 garbage-first heap   total 131072K, used 5148K [0x0000000081c00000, 0x0000000100000000)
  region size 1024K, 1 young (1024K), 1 survivors (1024K)
 Metaspace       used 10978K, capacity 11174K, committed 11392K, reserved 1058816K
  class space    used 1045K, capacity 1116K, committed 1152K, reserved 1048576K
}
Event: 2.517 GC heap before
{Heap before GC invocations=2 (full 0):
 garbage-first heap   total 131072K, used 32796K [0x0000000081c00000, 0x0000000100000000)
  region size 1024K, 28 young (28672K), 1 survivors (1024K)
 Metaspace       used 16044K, capacity 16480K, committed 16640K, reserved 1064960K
  class space    used 1599K, capacity 1763K, committed 1792K, reserved 1048576K
}
Event: 2.521 GC heap after
{Heap after GC invocations=3 (full 0):
 garbage-first heap   total 131072K, used 6105K [0x0000000081c00000, 0x0000000100000000)
  region size 1024K, 2 young (2048K), 2 survivors (2048K)
 Metaspace       used 16044K, capacity 16480K, committed 16640K, reserved 1064960K
  class space    used 1599K, capacity 1763K, committed 1792K, reserved 1048576K
}
Event: 3.445 GC heap before
{Heap before GC invocations=3 (full 0):
 garbage-first heap   total 131072K, used 37849K [0x0000000081c00000, 0x0000000100000000)
  region size 1024K, 34 young (34816K), 2 survivors (2048K)
 Metaspace       used 20615K, capacity 21051K, committed 21248K, reserved 1069056K
  class space    used 2097K, capacity 2286K, committed 2304K, reserved 1048576K
}
Event: 3.457 GC heap after
{Heap after GC invocations=4 (full 0):
 garbage-first heap   total 131072K, used 9624K [0x0000000081c00000, 0x0000000100000000)
  region size 1024K, 5 young (5120K), 5 survivors (5120K)
 Metaspace       used 20615K, capacity 21051K, committed 21248K, reserved 1069056K
  class space    used 2097K, capacity 2286K, committed 2304K, reserved 1048576K
}

Deoptimization events (10 events):
Event: 3.534 Thread 0x0000026a2c9d6800 Uncommon trap: reason=unstable_if action=reinterpret pc=0x0000026a3d371374 method=java.util.HashMap.getNode(ILjava/lang/Object;)Ljava/util/HashMap$Node; @ 129 c2
Event: 3.542 Thread 0x0000026a2c9d6800 Uncommon trap: reason=class_check action=maybe_recompile pc=0x0000026a3d3bc368 method=java.util.Properties$LineReader.readLine()I @ 479 c2
Event: 3.557 Thread 0x0000026a2c9d6800 Uncommon trap: reason=class_check action=maybe_recompile pc=0x0000026a3d3bc368 method=java.util.Properties$LineReader.readLine()I @ 479 c2
Event: 3.560 Thread 0x0000026a2c9d6800 Uncommon trap: reason=class_check action=maybe_recompile pc=0x0000026a3d3bc368 method=java.util.Properties$LineReader.readLine()I @ 479 c2
Event: 3.565 Thread 0x0000026a2c9d6800 Uncommon trap: reason=speculate_null_assert action=make_not_entrant pc=0x0000026a3d3750f0 method=jdk.internal.loader.URLClassPath$JarLoader.getResource(Ljava/lang/String;ZLjava/util/Set;)Ljdk/internal/loader/Resource; @ 17 c2
Event: 3.704 Thread 0x0000026a2c9d6800 Uncommon trap: reason=bimorphic_or_optimized_type_check action=maybe_recompile pc=0x0000026a3d37d2e0 method=java.util.regex.Pattern$CharPropertyGreedy.match(Ljava/util/regex/Matcher;ILjava/lang/CharSequence;)Z @ 80 c2
Event: 4.555 Thread 0x0000026a2c9d6800 Uncommon trap: reason=unstable_if action=reinterpret pc=0x0000026a3d37edd4 method=java.lang.String.replace(CC)Ljava/lang/String; @ 2 c2
Event: 5.285 Thread 0x0000026a2c9d6800 Uncommon trap: reason=unstable_if action=reinterpret pc=0x0000026a3d37b02c method=java.util.regex.Pattern$BmpCharProperty.match(Ljava/util/regex/Matcher;ILjava/lang/CharSequence;)Z @ 39 c2
Event: 7.311 Thread 0x0000026a2c9d6800 Uncommon trap: reason=class_check action=maybe_recompile pc=0x0000026a3d3ad7b0 method=java.io.DataInputStream.readByte()B @ 4 c2
Event: 7.365 Thread 0x0000026a2c9d6800 Uncommon trap: reason=unstable_if action=reinterpret pc=0x0000026a3d3b336c method=java.util.concurrent.ConcurrentHashMap.putVal(Ljava/lang/Object;Ljava/lang/Object;Z)Ljava/lang/Object; @ 231 c2

Classes redefined (0 events):
No events

Internal exceptions (10 events):
Event: 4.592 Thread 0x0000026a4e261800 Exception <a 'java/lang/NoSuchMethodError'{0x0000000087fba3a0}: java.lang.invoke.Invokers$Holder.linkToTargetMethod(Ljava/lang/Object;JLjava/lang/Object;)Ljava/lang/Object;> (0x0000000087fba3a0) thrown at [./open/src/hotspot/share/interpreter/linkResolver
Event: 5.100 Thread 0x0000026a4df27000 Exception <a 'java/net/SocketTimeoutException'{0x0000000087e889a0}: connect timed out> (0x0000000087e889a0) thrown at [./open/src/hotspot/share/prims/jni.cpp, line 632]
Event: 5.146 Thread 0x0000026a2c9d6800 Exception <a 'java/lang/NoSuchMethodError'{0x0000000087dd6ec0}: java.lang.invoke.DirectMethodHandle$Holder.invokeVirtual(Ljava/lang/Object;Ljava/lang/Object;)D> (0x0000000087dd6ec0) thrown at [./open/src/hotspot/share/interpreter/linkResolver.cpp, line 77
Event: 5.147 Thread 0x0000026a2c9d6800 Exception <a 'java/lang/NoSuchMethodError'{0x0000000087ddccb0}: java.lang.invoke.DirectMethodHandle$Holder.invokeVirtual(Ljava/lang/Object;Ljava/lang/Object;)F> (0x0000000087ddccb0) thrown at [./open/src/hotspot/share/interpreter/linkResolver.cpp, line 77
Event: 5.148 Thread 0x0000026a2c9d6800 Exception <a 'java/lang/NoSuchMethodError'{0x0000000087de53f0}: java.lang.invoke.DirectMethodHandle$Holder.invokeVirtual(Ljava/lang/Object;Ljava/lang/Object;)J> (0x0000000087de53f0) thrown at [./open/src/hotspot/share/interpreter/linkResolver.cpp, line 77
Event: 5.190 Thread 0x0000026a2c9d6800 Exception <a 'java/lang/NoSuchMethodError'{0x0000000087b50700}: java.lang.invoke.DirectMethodHandle$Holder.invokeStatic(Ljava/lang/Object;Ljava/lang/Object;I)V> (0x0000000087b50700) thrown at [./open/src/hotspot/share/interpreter/linkResolver.cpp, line 77
Event: 5.245 Thread 0x0000026a2c9d6800 Exception <a 'java/lang/NoSuchMethodError'{0x0000000087404088}: java.lang.invoke.DirectMethodHandle$Holder.invokeSpecialIFC(Ljava/lang/Object;Ljava/lang/Object;Ljava/lang/Object;)I> (0x0000000087404088) thrown at [./open/src/hotspot/share/interpreter/link
Event: 5.372 Thread 0x0000026a2c9d6800 Exception <a 'java/lang/NoSuchMethodError'{0x0000000087089658}: java.lang.invoke.DirectMethodHandle$Holder.invokeSpecial(Ljava/lang/Object;Ljava/lang/Object;Ljava/lang/Object;Ljava/lang/Object;Ljava/lang/Object;Ljava/lang/Object;)V> (0x0000000087089658) t
Event: 7.274 Thread 0x0000026a2c9d6800 Exception <a 'java/lang/NoSuchMethodError'{0x0000000086310ca8}: java.lang.invoke.DirectMethodHandle$Holder.invokeSpecialIFC(Ljava/lang/Object;Ljava/lang/Object;Ljava/lang/Object;)Ljava/lang/Object;> (0x0000000086310ca8) thrown at [./open/src/hotspot/share
Event: 7.341 Thread 0x0000026a2c9d6800 Exception <a 'java/lang/ClassNotFoundException'{0x000000008621c348}: sun/util/logging/resources/spi/loggingProvider> (0x000000008621c348) thrown at [./open/src/hotspot/share/classfile/systemDictionary.cpp, line 226]

Events (10 events):
Event: 7.459 Executing VM operation: RevokeBias
Event: 7.459 Executing VM operation: RevokeBias done
Event: 7.460 loading class java/lang/Throwable$WrappedPrintWriter
Event: 7.460 loading class java/lang/Throwable$PrintStreamOrWriter
Event: 7.460 loading class java/lang/Throwable$PrintStreamOrWriter done
Event: 7.460 loading class java/lang/Throwable$WrappedPrintWriter done
Event: 7.461 loading class java/lang/StackTraceElement$HashedModules
Event: 7.462 loading class java/lang/StackTraceElement$HashedModules done
Event: 7.463 Executing VM operation: RevokeBias
Event: 7.464 Executing VM operation: RevokeBias done


Dynamic libraries:
0x00007ff79a870000 - 0x00007ff79a87f000 	C:\Program Files\Java\jdk-11.0.15\bin\java.exe
0x00007fff346f0000 - 0x00007fff348e8000 	C:\WINDOWS\SYSTEM32\ntdll.dll
0x00007fff32bb0000 - 0x00007fff32c6f000 	C:\WINDOWS\System32\KERNEL32.DLL
0x00007fff31f00000 - 0x00007fff321d2000 	C:\WINDOWS\System32\KERNELBASE.dll
0x00007fff32640000 - 0x00007fff32740000 	C:\WINDOWS\System32\ucrtbase.dll
0x00007fff2c190000 - 0x00007fff2c1a8000 	C:\Program Files\Java\jdk-11.0.15\bin\jli.dll
0x00007fff2c1b0000 - 0x00007fff2c1c5000 	C:\Program Files\Java\jdk-11.0.15\bin\VCRUNTIME140.dll
0x00007fff33a20000 - 0x00007fff33ace000 	C:\WINDOWS\System32\ADVAPI32.dll
0x00007fff33e60000 - 0x00007fff33efe000 	C:\WINDOWS\System32\msvcrt.dll
0x00007fff33440000 - 0x00007fff334dc000 	C:\WINDOWS\System32\sechost.dll
0x00007fff32f40000 - 0x00007fff33065000 	C:\WINDOWS\System32\RPCRT4.dll
0x00007fff334f0000 - 0x00007fff3368d000 	C:\WINDOWS\System32\USER32.dll
0x00007fff31df0000 - 0x00007fff31e12000 	C:\WINDOWS\System32\win32u.dll
0x00007fff32de0000 - 0x00007fff32e0b000 	C:\WINDOWS\System32\GDI32.dll
0x00007fff321e0000 - 0x00007fff322ef000 	C:\WINDOWS\System32\gdi32full.dll
0x00007fff323a0000 - 0x00007fff3243d000 	C:\WINDOWS\System32\msvcp_win.dll
0x00007fff1ed10000 - 0x00007fff1efaa000 	C:\WINDOWS\WinSxS\amd64_microsoft.windows.common-controls_6595b64144ccf1df_6.0.19041.1110_none_60b5254171f9507e\COMCTL32.dll
0x00007fff26220000 - 0x00007fff2622a000 	C:\WINDOWS\SYSTEM32\VERSION.dll
0x00007fff33860000 - 0x00007fff33892000 	C:\WINDOWS\System32\IMM32.DLL
0x00007fff213f0000 - 0x00007fff2148b000 	C:\Program Files\Java\jdk-11.0.15\bin\msvcp140.dll
0x00007ffef8de0000 - 0x00007ffef98f6000 	C:\Program Files\Java\jdk-11.0.15\bin\server\jvm.dll
0x00007fff33850000 - 0x00007fff33858000 	C:\WINDOWS\System32\PSAPI.DLL
0x00007fff1c550000 - 0x00007fff1c559000 	C:\WINDOWS\SYSTEM32\WSOCK32.dll
0x00007fff1caf0000 - 0x00007fff1cb17000 	C:\WINDOWS\SYSTEM32\WINMM.dll
0x00007fff33070000 - 0x00007fff330db000 	C:\WINDOWS\System32\WS2_32.dll
0x00007fff2fcb0000 - 0x00007fff2fcc2000 	C:\WINDOWS\SYSTEM32\kernel.appcore.dll
0x00007fff2ccc0000 - 0x00007fff2ccd0000 	C:\Program Files\Java\jdk-11.0.15\bin\verify.dll
0x00007fff2b3c0000 - 0x00007fff2b5a4000 	C:\WINDOWS\SYSTEM32\DBGHELP.DLL
0x00007fff2b2e0000 - 0x00007fff2b30c000 	C:\WINDOWS\SYSTEM32\dbgcore.DLL
0x00007fff31e20000 - 0x00007fff31ea2000 	C:\WINDOWS\System32\bcryptPrimitives.dll
0x00007fff26ac0000 - 0x00007fff26ae8000 	C:\Program Files\Java\jdk-11.0.15\bin\java.dll
0x00007fff2c870000 - 0x00007fff2c87a000 	C:\Program Files\Java\jdk-11.0.15\bin\jimage.dll
0x00007fff26ab0000 - 0x00007fff26abe000 	C:\Program Files\Java\jdk-11.0.15\bin\instrument.dll
0x00007fff2a0a0000 - 0x00007fff2a0b6000 	C:\Program Files\Java\jdk-11.0.15\bin\zip.dll
0x00007fff33f60000 - 0x00007fff346a3000 	C:\WINDOWS\System32\SHELL32.dll
0x00007fff2feb0000 - 0x00007fff30642000 	C:\WINDOWS\SYSTEM32\windows.storage.dll
0x00007fff330e0000 - 0x00007fff33434000 	C:\WINDOWS\System32\combase.dll
0x00007fff31850000 - 0x00007fff31880000 	C:\WINDOWS\SYSTEM32\Wldp.dll
0x00007fff33c00000 - 0x00007fff33cad000 	C:\WINDOWS\System32\SHCORE.dll
0x00007fff32d80000 - 0x00007fff32dd5000 	C:\WINDOWS\System32\shlwapi.dll
0x00007fff31d30000 - 0x00007fff31d4f000 	C:\WINDOWS\SYSTEM32\profapi.dll
0x00007fff25970000 - 0x00007fff25989000 	C:\Program Files\Java\jdk-11.0.15\bin\net.dll
0x00007fff28490000 - 0x00007fff2859c000 	C:\WINDOWS\SYSTEM32\WINHTTP.dll
0x00007fff315b0000 - 0x00007fff3161a000 	C:\WINDOWS\system32\mswsock.dll
0x00007fff25950000 - 0x00007fff25962000 	C:\Program Files\Java\jdk-11.0.15\bin\nio.dll
0x00007fff234c0000 - 0x00007fff234da000 	C:\Program Files\JetBrains\IntelliJ IDEA Community Edition 2022.1.1\bin\breakgen64.dll
0x00007fff317a0000 - 0x00007fff317b8000 	C:\WINDOWS\SYSTEM32\CRYPTSP.dll
0x00007fff30e50000 - 0x00007fff30e84000 	C:\WINDOWS\system32\rsaenh.dll
0x00007fff32440000 - 0x00007fff32467000 	C:\WINDOWS\System32\bcrypt.dll
0x00007fff31cf0000 - 0x00007fff31d1e000 	C:\WINDOWS\SYSTEM32\USERENV.dll
0x00007fff317c0000 - 0x00007fff317cc000 	C:\WINDOWS\SYSTEM32\CRYPTBASE.dll
0x00007fff31250000 - 0x00007fff3128b000 	C:\WINDOWS\SYSTEM32\IPHLPAPI.DLL
0x00007fff32d70000 - 0x00007fff32d78000 	C:\WINDOWS\System32\NSI.dll
0x00007fff2a160000 - 0x00007fff2a177000 	C:\WINDOWS\SYSTEM32\dhcpcsvc6.DLL
0x00007fff2a850000 - 0x00007fff2a86d000 	C:\WINDOWS\SYSTEM32\dhcpcsvc.DLL
0x00007fff312a0000 - 0x00007fff3136a000 	C:\WINDOWS\SYSTEM32\DNSAPI.dll
0x00007fff21330000 - 0x00007fff21355000 	C:\Program Files\Java\jdk-11.0.15\bin\sunec.dll
0x00007fff283f0000 - 0x00007fff283fa000 	C:\Windows\System32\rasadhlp.dll
0x00007fff28410000 - 0x00007fff28490000 	C:\WINDOWS\System32\fwpuclnt.dll
0x00007fff23bb0000 - 0x00007fff23bb9000 	C:\Program Files\Java\jdk-11.0.15\bin\management.dll
0x00007fff22b50000 - 0x00007fff22b5b000 	C:\Program Files\Java\jdk-11.0.15\bin\management_ext.dll
0x00007fff2a180000 - 0x00007fff2a197000 	C:\WINDOWS\system32\napinsp.dll
0x00007fff1bcf0000 - 0x00007fff1bd0b000 	C:\WINDOWS\system32\pnrpnsp.dll
0x00007fff112f0000 - 0x00007fff11305000 	C:\WINDOWS\system32\wshbth.dll
0x00007fff2b7a0000 - 0x00007fff2b7bd000 	C:\WINDOWS\system32\NLAapi.dll
0x00007fff1b5f0000 - 0x00007fff1b602000 	C:\WINDOWS\System32\winrnr.dll

dbghelp: loaded successfully - version: 4.0.5 - missing functions: none
symbol engine: initialized successfully - sym options: 0x614 - pdb path: .;C:\Program Files\Java\jdk-11.0.15\bin;C:\WINDOWS\SYSTEM32;C:\WINDOWS\WinSxS\amd64_microsoft.windows.common-controls_6595b64144ccf1df_6.0.19041.1110_none_60b5254171f9507e;C:\Program Files\Java\jdk-11.0.15\bin\server;C:\Program Files\JetBrains\IntelliJ IDEA Community Edition 2022.1.1\bin

VM Arguments:
jvm_args: -Dorg.jetbrains.run.directory=C:\Users\lkmnb\IdeaProjects\MyPrivateHealthProject\src\test\resources\features -javaagent:C:\Program Files\JetBrains\IntelliJ IDEA Community Edition 2022.1.1\lib\idea_rt.jar=55424:C:\Program Files\JetBrains\IntelliJ IDEA Community Edition 2022.1.1\bin -Dfile.encoding=UTF-8 
java_command: io.cucumber.core.cli.Main --plugin org.jetbrains.plugins.cucumber.java.run.CucumberJvm5SMFormatter --glue stepDefinitions C:/Users/lkmnb/IdeaProjects/MyPrivateHealthProject/src/test/resources/features/US13_TC01_TestResultsTable.feature
java_class_path (initial): C:\Users\lkmnb\IdeaProjects\MyPrivateHealthProject\target\test-classes;C:\Users\lkmnb\.m2\repository\org\seleniumhq\selenium\selenium-java\4.0.0\selenium-java-4.0.0.jar;C:\Users\lkmnb\.m2\repository\org\seleniumhq\selenium\selenium-api\4.0.0\selenium-api-4.0.0.jar;C:\Users\lkmnb\.m2\repository\org\seleniumhq\selenium\selenium-chrome-driver\4.0.0\selenium-chrome-driver-4.0.0.jar;C:\Users\lkmnb\.m2\repository\com\google\auto\service\auto-service-annotations\1.0\auto-service-annotations-1.0.jar;C:\Users\lkmnb\.m2\repository\com\google\auto\service\auto-service\1.0\auto-service-1.0.jar;C:\Users\lkmnb\.m2\repository\com\google\auto\auto-common\1.0\auto-common-1.0.jar;C:\Users\lkmnb\.m2\repository\com\google\guava\guava\31.0.1-jre\guava-31.0.1-jre.jar;C:\Users\lkmnb\.m2\repository\com\google\guava\failureaccess\1.0.1\failureaccess-1.0.1.jar;C:\Users\lkmnb\.m2\repository\com\google\guava\listenablefuture\9999.0-empty-to-avoid-conflict-with-guava\listenablefuture-9999.0-empty-to-avoid-conflict-with-guava.jar;C:\Users\lkmnb\.m2\repository\com\google\code\findbugs\jsr305\3.0.2\jsr305-3.0.2.jar;C:\Users\lkmnb\.m2\repository\org\checkerframework\checker-qual\3.12.0\checker-qual-3.12.0.jar;C:\Users\lkmnb\.m2\repository\com\google\errorprone\error_prone_annotations\2.7.1\error_prone_annotations-2.7.1.jar;C:\Users\lkmnb\.m2\repository\com\google\j2objc\j2objc-annotations\1.3\j2objc-annotations-1.3.jar;C:\Users\lkmnb\.m2\repository\org\seleniumhq\selenium\selenium-chromium-driver\4.0.0\selenium-chromium-driver-4.0.0.jar;C:\Users\lkmnb\.m2\repository\org\seleniumhq\selenium\selenium-json\4.0.0\selenium-json-4.0.0.jar;C:\Users\lkmnb\.m2\repository\org\seleniumhq\selenium\selenium-devtools-v85\4.0.0\selenium-devtools-v85-4.0.0.jar;C:\Users\lkmnb\.m2\repository\org\seleniumhq\selenium\selenium-devtools-v93\4.0.0\selenium-devtools-v93-4.0.0.jar;C:\Users\lkmnb\.m2\repository\org\seleniumhq\selenium\selenium-devtools-v94\4.0.0\selenium-devtools-v94-4.0.0.jar;C
Launcher Type: SUN_STANDARD

[Global flags]
     intx CICompilerCount                          = 3                                         {product} {ergonomic}
     uint ConcGCThreads                            = 1                                         {product} {ergonomic}
     uint G1ConcRefinementThreads                  = 4                                         {product} {ergonomic}
   size_t G1HeapRegionSize                         = 1048576                                   {product} {ergonomic}
    uintx GCDrainStackTargetSize                   = 64                                        {product} {ergonomic}
   size_t InitialHeapSize                          = 134217728                                 {product} {ergonomic}
   size_t MarkStackSize                            = 4194304                                   {product} {ergonomic}
   size_t MaxHeapSize                              = 2118123520                                {product} {ergonomic}
   size_t MaxNewSize                               = 1270874112                                {product} {ergonomic}
   size_t MinHeapDeltaBytes                        = 1048576                                   {product} {ergonomic}
    uintx NonNMethodCodeHeapSize                   = 5830732                                {pd product} {ergonomic}
    uintx NonProfiledCodeHeapSize                  = 122913754                              {pd product} {ergonomic}
    uintx ProfiledCodeHeapSize                     = 122913754                              {pd product} {ergonomic}
    uintx ReservedCodeCacheSize                    = 251658240                              {pd product} {ergonomic}
     bool SegmentedCodeCache                       = true                                      {product} {ergonomic}
     bool UseCompressedClassPointers               = true                                 {lp64_product} {ergonomic}
     bool UseCompressedOops                        = true                                 {lp64_product} {ergonomic}
     bool UseG1GC                                  = true                                      {product} {ergonomic}
     bool UseLargePagesIndividualAllocation        = false                                  {pd product} {ergonomic}

Logging:
Log output configuration:
 #0: stdout all=warning uptime,level,tags
 #1: stderr all=off uptime,level,tags

Environment Variables:
JAVA_HOME=C:\Program Files\Java\jdk-11.0.15
PATH=C:\Program Files\Common Files\Oracle\Java\javapath;C:\WINDOWS\system32;C:\WINDOWS;C:\WINDOWS\System32\Wbem;C:\WINDOWS\System32\WindowsPowerShell\v1.0\;C:\WINDOWS\System32\OpenSSH\;C:\Program Files\Git\cmd;C:\Users\lkmnb\AppData\Local\Microsoft\WindowsApps;C:\Program Files\Java\jdk-11.0.15\bin;C:\Users\lkmnb\AppData\Local\Programs\Microsoft VS Code\bin;C:\Program Files (x86)\apache-maven-3.8.6\bin;
USERNAME=lokman
OS=Windows_NT
PROCESSOR_IDENTIFIER=Intel64 Family 6 Model 69 Stepping 1, GenuineIntel



---------------  S Y S T E M  ---------------

OS: Windows 10 , 64 bit Build 19041 (10.0.19041.2251)

CPU:total 4 (initial active 4) (2 cores per cpu, 2 threads per core) family 6 model 69 stepping 1 microcode 0x25, cmov, cx8, fxsr, mmx, sse, sse2, sse3, ssse3, sse4.1, sse4.2, popcnt, avx, avx2, aes, clmul, erms, lzcnt, ht, tsc, tscinvbit, bmi1, bmi2, fma

Memory: 4k page, system-wide physical 8075M (361M free)
TotalPageFile size 23238M (AvailPageFile size 4M)
current process WorkingSet (physical memory assigned to process): 205M, peak: 205M
current process commit charge ("private bytes"): 283M, peak: 298M

vm_info: Java HotSpot(TM) 64-Bit Server VM (11.0.15+8-LTS-149) for windows-amd64 JRE (11.0.15+8-LTS-149), built on Mar  9 2022 22:42:32 by "mach5one" with MS VC++ 15.9 (VS2017)

END.
